2021-11-07 13:50:05 consumer.py: INFO: Fetched: 10 requests from s3;
2021-11-07 13:50:06 consumer.py: INFO: Processed: UPDATE; e71f0a69-24c8-4ad8-8d67-6fb7507058d4;
2021-11-07 13:50:07 consumer.py: INFO: Processed: UPDATE; 433a82ef-2ae6-4719-a1e6-59af73b39181;
2021-11-07 13:50:08 consumer.py: INFO: Processed: CREATE; 159854c0-a490-446d-8558-3f304f712985;
2021-11-07 13:50:09 consumer.py: INFO: Processed: UPDATE; 34261ef1-368a-49f2-ad3f-584f2f0387b4;
2021-11-07 13:50:10 consumer.py: INFO: Processed: UPDATE; 159854c0-a490-446d-8558-3f304f712985;
2021-11-07 13:50:11 consumer.py: INFO: Processed: UPDATE; 1e6725bd-6926-4955-a1ac-967c215b515a;
2021-11-07 13:50:11 consumer.py: INFO: Processed: CREATE; e8e9fb37-b1f6-4a40-8e09-a012f1b3637b;
2021-11-07 13:50:12 consumer.py: INFO: Processed: UPDATE; 821ca32a-379d-4c60-bf6f-e1dafb27ae96;
2021-11-07 13:50:13 consumer.py: INFO: Processed: CREATE; 77c0e9ac-f8b4-47d2-b107-eddc4e689c2c;
2021-11-07 13:50:14 consumer.py: INFO: Processed: UPDATE; 4c72ad5c-3ba3-4d63-8d5a-d29e88262f88;
2021-11-07 13:50:19 consumer.py: INFO: Sleeping for next 5 seconds;
2021-11-08 08:59:22 consumer.py: INFO: Fetched: 10 requests from sqs;
2021-11-08 08:59:24 consumer.py: INFO: Fetched: 10 requests from sqs;
2021-11-08 08:59:24 consumer.py: INFO: Processed: CREATE; cd7e6589-e5cf-49b8-8b51-5bce8d28b7ef;
2021-11-08 08:59:24 consumer.py: INFO: Processed: CREATE; 8ed4ebc3-8977-4da3-9d9b-dac4569fd8ae;
2021-11-08 08:59:25 consumer.py: INFO: Processed: UPDATE; 746e42d0-4235-405b-8257-634596898af1;
2021-11-08 08:59:25 consumer.py: INFO: Processed: CREATE; c87499ea-d9a5-4acd-8e83-1b914c974781;
2021-11-08 08:59:25 consumer.py: INFO: Processed: CREATE; e5213b75-2395-4c85-8641-4aad200db8c2;
2021-11-08 08:59:26 consumer.py: INFO: Processed: CREATE; e9c8734f-58b0-447e-b168-69db603e9bfa;
2021-11-08 08:59:26 consumer.py: INFO: Processed: CREATE; 691c4330-e6fe-41f6-9ae8-2134a84d312b;
2021-11-08 08:59:26 consumer.py: INFO: Processed: CREATE; 32150801-b77b-4452-88c3-c03c7601472e;
2021-11-08 08:59:27 consumer.py: INFO: Processed: CREATE; 046d2abc-a88d-4de8-b887-3c679c35159a;
2021-11-08 08:59:27 consumer.py: INFO: Processed: CREATE; fe452bd8-344a-46bb-875d-328cef078353;
2021-11-08 08:59:27 consumer.py: INFO: Processed: CREATE; fb56b5df-b920-469f-b753-aabfc8f9338f;
2021-11-08 08:59:28 consumer.py: INFO: Processed: CREATE; ce16c5d1-e861-4133-9ddf-b370f0aa6a40;
2021-11-08 08:59:28 consumer.py: INFO: Processed: CREATE; 7ee4d7e4-5cdb-40aa-b95f-235c5ebe087c;
2021-11-08 08:59:28 consumer.py: INFO: Processed: CREATE; ebc1a38d-b23d-4300-add9-b25f1575a59b;
2021-11-08 08:59:29 consumer.py: INFO: Processed: CREATE; 0262f058-43b1-44dd-b1e3-d9e85ec32590;
2021-11-08 08:59:29 consumer.py: INFO: Processed: CREATE; a0c1c182-64f9-47b3-b294-61a0d0ea159b;
2021-11-08 08:59:29 consumer.py: INFO: Processed: UPDATE; c4a67608-ff47-48fa-9b3f-7af41e3a55e5;
2021-11-08 08:59:30 consumer.py: INFO: Processed: CREATE; b0b42cdd-1c33-49a5-85d8-e3345bb175c2;
2021-11-08 08:59:30 consumer.py: INFO: Processed: CREATE; 7f957603-3e37-478b-9e3a-3c0c53f2be59;
2021-11-08 08:59:30 consumer.py: INFO: Processed: UPDATE; da86b3c5-c63a-4510-98c0-f8815fc11069;
2021-11-08 08:59:35 consumer.py: INFO: Sleeping for next 5 seconds;
2021-11-08 08:59:35 consumer.py: INFO: Fetched: 10 requests from sqs;
2021-11-08 08:59:35 consumer.py: INFO: Sleeping for next 5 seconds;
2021-11-08 08:59:35 consumer.py: INFO: Fetched: 10 requests from sqs;
2021-11-08 08:59:36 consumer.py: INFO: Processed: CREATE; 2d6b2c1a-13b3-43b1-989f-6120f8a1af00;
2021-11-08 08:59:37 consumer.py: INFO: Processed: UPDATE; c5a96c43-535a-4f95-9125-e9f074b3cfa9;
2021-11-08 08:59:37 consumer.py: INFO: Processed: CREATE; 3e66ffd6-f528-4652-9b85-9f3b93787714;
2021-11-08 08:59:37 consumer.py: INFO: Processed: UPDATE; 2d6b2c1a-13b3-43b1-989f-6120f8a1af00;
2021-11-08 08:59:37 consumer.py: INFO: Processed: CREATE; 1bcced3b-9d9f-4cc8-815e-e3bcb0bd6312;
2021-11-08 08:59:38 consumer.py: INFO: Processed: UPDATE; 33fbb73e-e42f-4c07-807b-e7f4ed9d5c1c;
2021-11-08 08:59:38 consumer.py: INFO: Processed: CREATE; 33fbb73e-e42f-4c07-807b-e7f4ed9d5c1c;
2021-11-08 08:59:39 consumer.py: INFO: Processed: CREATE; 6c0e24cc-1f0c-49cd-aaea-7781fbc3bba5;
2021-11-08 08:59:39 consumer.py: INFO: Processed: CREATE; 62881b53-f7c6-41c9-8e8a-28046d0a5071;
2021-11-08 08:59:39 consumer.py: INFO: Processed: CREATE; 9d73947e-cdfa-41ab-b621-a906033a5cde;
2021-11-08 08:59:39 consumer.py: INFO: Processed: CREATE; 0984ccb7-3059-4e87-9c73-0966b31d6bde;
2021-11-08 08:59:40 consumer.py: INFO: Processed: CREATE; c4a67608-ff47-48fa-9b3f-7af41e3a55e5;
2021-11-08 08:59:40 consumer.py: INFO: Processed: CREATE; e4a0a67b-0b25-480c-9220-c55972fbde53;
2021-11-08 08:59:41 consumer.py: INFO: Processed: UPDATE; 8675f000-cc4e-4ac1-b4e3-4f26875daf7b;
2021-11-08 08:59:41 consumer.py: INFO: Processed: CREATE; 5c2b608b-2f45-411a-870f-4e4bb6bd1fb3;
2021-11-08 08:59:41 consumer.py: INFO: Processed: UPDATE; 62881b53-f7c6-41c9-8e8a-28046d0a5071;
2021-11-08 08:59:41 consumer.py: INFO: Processed: CREATE; a0cf7df6-e31c-4c96-9a10-02e12c96d472;
2021-11-08 08:59:42 consumer.py: INFO: Processed: CREATE; bfbf48ce-c3c5-4dc9-93b0-3b4280ff13e1;
2021-11-08 08:59:42 consumer.py: INFO: Processed: UPDATE; ce16c5d1-e861-4133-9ddf-b370f0aa6a40;
2021-11-08 08:59:43 consumer.py: INFO: Processed: CREATE; 44067dfe-901d-4adf-8b43-5db6c93146db;
2021-11-08 08:59:47 consumer.py: INFO: Sleeping for next 5 seconds;
2021-11-08 08:59:47 consumer.py: INFO: Fetched: 10 requests from sqs;
2021-11-08 08:59:48 consumer.py: INFO: Sleeping for next 5 seconds;
2021-11-08 08:59:48 consumer.py: INFO: Fetched: 10 requests from sqs;
2021-11-08 08:59:48 consumer.py: INFO: Processed: CREATE; ed69f5e0-ed50-4c8b-b2cc-4d6a7f1a2042;
2021-11-08 08:59:48 consumer.py: INFO: Processed: DELETE; 4f85a439-0f02-43be-b3ca-782aa960bfbd;
2021-11-08 08:59:48 consumer.py: INFO: Processed: UPDATE; 8f8279ee-1531-4bfc-9a96-4debb2d59b79;
2021-11-08 08:59:49 consumer.py: INFO: Processed: CREATE; b8ab84db-b91e-4a9b-9f7e-1a3ac4d0e8ee;
2021-11-08 08:59:49 consumer.py: INFO: Processed: CREATE; 3ada415b-dca0-48e2-984f-fdd83eefa8f3;
2021-11-08 08:59:50 consumer.py: INFO: Processed: CREATE; 53fce736-f2db-40d2-85a0-92e293106f83;
2021-11-08 08:59:50 consumer.py: INFO: Processed: UPDATE; 8a424103-a54f-41f2-a7c3-b540f06bdcf5;
2021-11-08 08:59:50 consumer.py: INFO: Processed: UPDATE; dfcd35e5-225a-4c9d-a125-65ec1adfa708;
2021-11-08 08:59:50 consumer.py: INFO: Processed: DELETE; b1b8a028-ad3c-4f25-aa36-833b9c240b72;
2021-11-08 08:59:51 consumer.py: INFO: Processed: UPDATE; e6cc25a2-2c3c-44be-9a5a-dcc7cfcd1e0c;
2021-11-08 08:59:51 consumer.py: INFO: Processed: CREATE; c97fc492-e690-45cc-bd3c-f9d6b7827e0a;
2021-11-08 08:59:52 consumer.py: INFO: Processed: CREATE; d35564ff-ad3d-4d2a-8e3c-684a01e73179;
2021-11-08 08:59:52 consumer.py: INFO: Processed: CREATE; 5b16eb0f-e7e3-4f67-a6f8-4ff03f5f5660;
2021-11-08 08:59:52 consumer.py: INFO: Processed: CREATE; 3ac862f4-775c-4fd4-bbea-12f325e7be60;
2021-11-08 08:59:52 consumer.py: INFO: Processed: CREATE; 584ced9b-f25f-4805-9c96-c0f33d569fbc;
2021-11-08 08:59:53 consumer.py: INFO: Processed: CREATE; a7eeeabb-f5f4-4205-a2ca-6f860f4d0e10;
2021-11-08 08:59:53 consumer.py: INFO: Processed: CREATE; ad53e817-f4bb-43cc-b404-e33c866529b1;
2021-11-08 08:59:54 consumer.py: INFO: Processed: DELETE; 3ac862f4-775c-4fd4-bbea-12f325e7be60;
2021-11-08 08:59:54 consumer.py: INFO: Processed: DELETE; 0262f058-43b1-44dd-b1e3-d9e85ec32590;
2021-11-08 08:59:54 consumer.py: INFO: Processed: CREATE; 3bf210b1-6b01-40d8-8835-f2f3bcde31b4;
2021-11-08 08:59:59 consumer.py: INFO: Sleeping for next 5 seconds;
2021-11-08 08:59:59 consumer.py: INFO: Fetched: 10 requests from sqs;
2021-11-08 08:59:59 consumer.py: INFO: Sleeping for next 5 seconds;
2021-11-08 08:59:59 consumer.py: INFO: Processed: DELETE; e4a0a67b-0b25-480c-9220-c55972fbde53;
2021-11-08 08:59:59 consumer.py: INFO: Fetched: 10 requests from sqs;
2021-11-08 09:00:00 consumer.py: INFO: Processed: UPDATE; c87499ea-d9a5-4acd-8e83-1b914c974781;
2021-11-08 09:00:00 consumer.py: INFO: Processed: CREATE; 6f847a8a-3125-4959-8638-dd459374c6dd;
2021-11-08 09:00:01 consumer.py: INFO: Processed: CREATE; 374cac47-8395-4310-8c39-d74064e60e3e;
2021-11-08 09:00:01 consumer.py: INFO: Processed: CREATE; c3ae5b2a-0198-429e-b20f-474cdafb0730;
2021-11-08 09:00:01 consumer.py: INFO: Processed: CREATE; 1721be1c-8e3d-4f93-991a-903e4b7c8b40;
2021-11-08 09:00:02 consumer.py: INFO: Processed: CREATE; e6cc25a2-2c3c-44be-9a5a-dcc7cfcd1e0c;
2021-11-08 09:00:02 consumer.py: INFO: Processed: CREATE; 5e1a470a-30ee-482e-9eff-681767ab3890;
2021-11-08 09:00:02 consumer.py: INFO: Processed: CREATE; 3c337884-29ed-49ad-986a-ea50e97deed0;
2021-11-08 09:00:03 consumer.py: INFO: Processed: UPDATE; acea1009-6f06-4d7a-9583-00f1473c5300;
2021-11-08 09:00:03 consumer.py: INFO: Processed: CREATE; 2656f084-dd9a-4f4c-96f9-4d5e3ce39dd2;
2021-11-08 09:00:04 consumer.py: INFO: Processed: CREATE; 4acf484d-0ae1-4fe7-afa7-b03c99f48423;
2021-11-08 09:00:04 consumer.py: INFO: Processed: CREATE; 50a9b388-4238-42aa-b90a-2436c3b68754;
2021-11-08 09:00:04 consumer.py: INFO: Processed: DELETE; 5107fbe3-b5c3-4239-bdd4-8e5a4f66f972;
2021-11-08 09:00:04 consumer.py: INFO: Processed: CREATE; 59540153-60e9-4ece-928e-e38bb8375399;
2021-11-08 09:00:05 consumer.py: INFO: Processed: CREATE; 1eab3c5d-914c-4eef-98b9-dfbfeb71b912;
2021-11-08 09:00:05 consumer.py: INFO: Processed: CREATE; b1b8a028-ad3c-4f25-aa36-833b9c240b72;
2021-11-08 09:00:05 consumer.py: INFO: Processed: UPDATE; b2635f20-7f2d-4895-87af-8bb41f778ca5;
2021-11-08 09:00:06 consumer.py: INFO: Processed: UPDATE; 59540153-60e9-4ece-928e-e38bb8375399;
2021-11-08 09:00:06 consumer.py: INFO: Processed: DELETE; 2656f084-dd9a-4f4c-96f9-4d5e3ce39dd2;
2021-11-08 09:00:10 consumer.py: INFO: Sleeping for next 5 seconds;
2021-11-08 09:00:11 consumer.py: INFO: Fetched: 10 requests from sqs;
2021-11-08 09:00:11 consumer.py: INFO: Sleeping for next 5 seconds;
2021-11-08 09:00:11 consumer.py: INFO: Fetched: 10 requests from sqs;
2021-11-08 09:00:11 consumer.py: INFO: Processed: CREATE; c13f0514-cf48-4a7d-9dbb-f72befe7e5f9;
2021-11-08 09:00:12 consumer.py: INFO: Processed: CREATE; 002af847-afb3-42e5-8755-e1fc48863f99;
2021-11-08 09:00:12 consumer.py: INFO: Processed: UPDATE; 691c4330-e6fe-41f6-9ae8-2134a84d312b;
2021-11-08 09:00:13 consumer.py: INFO: Processed: CREATE; 8f8279ee-1531-4bfc-9a96-4debb2d59b79;
2021-11-08 09:00:13 consumer.py: INFO: Processed: UPDATE; 27c2c785-8a5c-422c-80b9-1f2f60ac626f;
2021-11-08 09:00:13 consumer.py: INFO: Processed: UPDATE; 746e42d0-4235-405b-8257-634596898af1;
2021-11-08 09:00:13 consumer.py: INFO: Processed: CREATE; acb5ad10-8818-4ae4-9bed-e86dd46671bd;
2021-11-08 09:00:14 consumer.py: INFO: Processed: CREATE; ce1a659a-0115-4529-89a3-ab6554282db7;
2021-11-08 09:00:14 consumer.py: INFO: Processed: CREATE; 9123e7ce-3896-431e-9482-141db437cc17;
2021-11-08 09:00:15 consumer.py: INFO: Processed: CREATE; 3a3d8199-5d80-4194-9d13-73cb56c3ddde;
2021-11-08 09:00:15 consumer.py: INFO: Processed: CREATE; 66a7b859-c970-40f0-abc1-3bf0d489eff6;
2021-11-08 09:00:15 consumer.py: INFO: Processed: DELETE; e9c8734f-58b0-447e-b168-69db603e9bfa;
2021-11-08 09:00:15 consumer.py: INFO: Processed: CREATE; c8283710-f03f-4be5-bea1-eaf62b7819ea;
2021-11-08 09:00:16 consumer.py: INFO: Processed: CREATE; b615c3a4-6935-4104-a942-5549c4b37c28;
2021-11-08 09:00:16 consumer.py: INFO: Processed: CREATE; 93b9d713-28f2-4a2d-ba78-2eeb5620b409;
2021-11-08 09:00:17 consumer.py: INFO: Processed: UPDATE; c3ae5b2a-0198-429e-b20f-474cdafb0730;
2021-11-08 09:00:17 consumer.py: INFO: Processed: CREATE; 45b05c75-0dab-4f7c-a431-b1aba3050450;
2021-11-08 09:00:17 consumer.py: INFO: Processed: UPDATE; 62881b53-f7c6-41c9-8e8a-28046d0a5071;
2021-11-08 09:00:17 consumer.py: INFO: Processed: CREATE; c4a8448c-e91b-45ab-be2c-f26c66700cf3;
2021-11-08 09:00:18 consumer.py: INFO: Processed: CREATE; e5705662-edae-42e2-8d67-a35da89ca96a;
2021-11-08 09:00:22 consumer.py: INFO: Sleeping for next 5 seconds;
2021-11-08 09:00:22 consumer.py: INFO: Fetched: 10 requests from sqs;
2021-11-08 09:00:23 consumer.py: INFO: Sleeping for next 5 seconds;
2021-11-08 09:00:23 consumer.py: INFO: Fetched: 10 requests from sqs;
2021-11-08 09:00:23 consumer.py: INFO: Processed: CREATE; 0754482f-6535-4524-888a-57263bda5587;
2021-11-08 09:00:24 consumer.py: INFO: Processed: CREATE; e3aee3e0-71ca-4f12-bb93-9f323d1ce25b;
2021-11-08 09:00:24 consumer.py: INFO: Processed: CREATE; 170605a4-31a8-4015-b543-9ca41fd17817;
2021-11-08 09:00:24 consumer.py: INFO: Processed: CREATE; 27fd8527-6a96-4fb6-8d0e-41a01e7cc481;
2021-11-08 09:00:25 consumer.py: INFO: Processed: CREATE; 7bd30ab0-e19f-4abd-a3a7-f9ed0e656b50;
2021-11-08 09:00:25 consumer.py: INFO: Processed: CREATE; f1949867-f776-47a1-8d90-5128bf8abbb5;
2021-11-08 09:00:25 consumer.py: INFO: Processed: CREATE; 60910600-2d12-446c-9ea7-78cb561743c0;
2021-11-08 09:00:26 consumer.py: INFO: Processed: CREATE; 4f85a439-0f02-43be-b3ca-782aa960bfbd;
2021-11-08 09:00:26 consumer.py: INFO: Processed: CREATE; 02a503c2-afe1-4fe4-a34b-bdab2c0c547e;
2021-11-08 09:00:27 consumer.py: INFO: Processed: DELETE; 6cf420e7-caa5-42d8-bf27-ab6ca2799ae3;
2021-11-08 09:00:27 consumer.py: INFO: Processed: CREATE; 041ef15b-8869-4959-b115-796abdb0398a;
2021-11-08 09:00:27 consumer.py: INFO: Processed: UPDATE; e5705662-edae-42e2-8d67-a35da89ca96a;
2021-11-08 09:00:27 consumer.py: INFO: Processed: CREATE; 7ff8cc9b-f543-457b-9946-e722b157494f;
2021-11-08 09:00:28 consumer.py: INFO: Processed: CREATE; 611fa84a-399e-4a2a-b3b1-923988d3c950;
2021-11-08 09:00:28 consumer.py: INFO: Processed: CREATE; b35bede2-390f-4b28-839c-9b63b486b1d4;
2021-11-08 09:00:29 consumer.py: INFO: Processed: UPDATE; b9636597-a32e-4eec-80a4-f0a8d1e2b3dd;
2021-11-08 09:00:29 consumer.py: INFO: Processed: UPDATE; b304be42-7c4d-4fc4-9a2a-e383d1047ae0;
2021-11-08 09:00:29 consumer.py: INFO: Processed: UPDATE; 33fd2d55-ea96-4571-8e59-24e442a94b28;
2021-11-08 09:00:29 consumer.py: INFO: Processed: UPDATE; 235fca29-c913-46cb-9e8b-6b91c4983297;
2021-11-08 09:00:30 consumer.py: INFO: Processed: UPDATE; b8ab84db-b91e-4a9b-9f7e-1a3ac4d0e8ee;
2021-11-08 09:00:34 consumer.py: INFO: Sleeping for next 5 seconds;
2021-11-08 09:00:34 consumer.py: INFO: Fetched: 10 requests from sqs;
2021-11-08 09:00:35 consumer.py: INFO: Sleeping for next 5 seconds;
2021-11-08 09:00:35 consumer.py: INFO: Fetched: 10 requests from sqs;
2021-11-08 09:00:35 consumer.py: INFO: Processed: CREATE; 07c3b63d-e4e7-4f90-ac98-cbcf9128060f;
2021-11-08 09:00:36 consumer.py: INFO: Processed: CREATE; 0ba3985a-fa6f-41b9-bbf4-c2cbd1fe50c0;
2021-11-08 09:00:36 consumer.py: INFO: Processed: CREATE; f6fe6076-b24e-42ea-ae31-dac65dbb076f;
2021-11-08 09:00:36 consumer.py: INFO: Processed: UPDATE; c87499ea-d9a5-4acd-8e83-1b914c974781;
2021-11-08 09:00:36 consumer.py: INFO: Processed: CREATE; 5fa5d462-df2c-47a6-b8bb-2ba2a609656f;
2021-11-08 09:00:37 consumer.py: INFO: Processed: CREATE; bfd107bb-e61b-44aa-82d0-30764adee387;
2021-11-08 09:00:37 consumer.py: INFO: Processed: CREATE; f05364fb-ad1b-46e7-91ea-185d4760aa6b;
2021-11-08 09:00:38 consumer.py: INFO: Processed: UPDATE; ebc1a38d-b23d-4300-add9-b25f1575a59b;
2021-11-08 09:00:38 consumer.py: INFO: Processed: UPDATE; 0f1dcb45-f45f-4ba0-b992-1942adbd2344;
2021-11-08 09:00:39 consumer.py: INFO: Processed: CREATE; 8c500a4f-8063-40d5-8469-f105771a2751;
2021-11-08 09:00:39 consumer.py: INFO: Processed: UPDATE; 03616bec-e7d3-45a6-97a6-8668d90302e4;
2021-11-08 09:00:39 consumer.py: INFO: Processed: UPDATE; c0226cb1-93aa-4e0c-8162-7d1ed98eebe7;
2021-11-08 09:00:39 consumer.py: INFO: Processed: UPDATE; 72a8ef27-08b9-4b89-8a63-1b79a8397ca6;
2021-11-08 09:00:40 consumer.py: INFO: Processed: CREATE; 2e670d32-3a9a-40f6-a5e2-7bf92ee578f9;
2021-11-08 09:00:40 consumer.py: INFO: Processed: DELETE; f1949867-f776-47a1-8d90-5128bf8abbb5;
2021-11-08 09:00:41 consumer.py: INFO: Processed: UPDATE; 5fa5d462-df2c-47a6-b8bb-2ba2a609656f;
2021-11-08 09:00:41 consumer.py: INFO: Processed: UPDATE; e5213b75-2395-4c85-8641-4aad200db8c2;
2021-11-08 09:00:41 consumer.py: INFO: Processed: CREATE; 22b2b5da-0ea2-4d6c-8ab2-8421c33a2541;
2021-11-08 09:00:41 consumer.py: INFO: Processed: UPDATE; b615c3a4-6935-4104-a942-5549c4b37c28;
2021-11-08 09:00:42 consumer.py: INFO: Processed: CREATE; e39da3a7-0a9e-414e-a476-39f0864e485c;
